INFO:root:Logging mode enabled, will not send email to anyone, just log.
INFO:root:SMTPReceiver started on 127.0.0.1:8825.
DEBUG:root:Message received from Peer: ('127.0.0.1', 50420), From: 'me@mydomain.com', to To ['test@test.com'].
DEBUG:routing:Matched 'test@test.com' against START.
DEBUG:root:MESSAGE to test@test.com:
Content-Type: text/plain; charset="us-ascii"
MIME-Version: 1.0
From: me@mydomain.com
Subject: My test
To: test@test.com
Content-Transfer-Encoding: 7bit

Hi there.
DEBUG:routing:Message to set(['test@test.com']) was handled by lamson.handlers.log.START
DEBUG:routing:Matched 'test@test.com' against START.
DEBUG:routing:Message to set(['test@test.com']) was handled by lamson.handlers.queue.START
DEBUG:root:Message received from Peer: ('127.0.0.1', 51020), From: 'asheesh@asheesh.org', to To ['test@debdev.xvm.mit.edu'].
DEBUG:routing:Matched 'test@debdev.xvm.mit.edu' against START.
DEBUG:root:MESSAGE to test@debdev.xvm.mit.edu:
Content-Type: text/plain; charset="us-ascii"; format="flowed"
MIME-Version: 1.0
Date: Sat, 5 Apr 2014 18:14:30 -0400 (EDT)
From: Asheesh Laroia <asheesh@asheesh.org>
Message-Id: <alpine.DEB.2.02.1404051814110.2020@rose.makesad.us>
Received: from localhost (localhost [127.0.0.1])
 (using TLSv1 with cipher DHE-RSA-AES256-SHA (256/256 bits))
 (No client certificate requested)
 by rose.makesad.us (Postfix) with ESMTPS id 188ED3FCC70F
 for <test@debdev.xvm.mit.edu>; Sat,  5 Apr 2014 18:14:30 -0400 (EDT)
Subject: all aboard
To: test@debdev.xvm.mit.edu
User-Agent: Alpine 2.02 (DEB 1266 2009-07-14)
X-Openpgp-Key-Id: 0x70096AD1
Content-Transfer-Encoding: 7bit


DEBUG:routing:Message to set(['test@debdev.xvm.mit.edu']) was handled by lamson.handlers.log.START
DEBUG:routing:Matched 'test@debdev.xvm.mit.edu' against START.
DEBUG:routing:Message to set(['test@debdev.xvm.mit.edu']) was handled by lamson.handlers.queue.START
DEBUG:root:Message received from Peer: ('127.0.0.1', 51022), From: 'asheesh@asheesh.org', to To ['rofl@debdev.xvm.mit.edu'].
DEBUG:routing:Matched 'rofl@debdev.xvm.mit.edu' against START.
DEBUG:root:MESSAGE to rofl@debdev.xvm.mit.edu:
Content-Type: text/plain; charset="us-ascii"; format="flowed"
MIME-Version: 1.0
Date: Sat, 5 Apr 2014 18:19:29 -0400 (EDT)
From: Asheesh Laroia <asheesh@asheesh.org>
Message-Id: <alpine.DEB.2.02.1404051819170.26161@rose.makesad.us>
Received: from localhost (localhost [127.0.0.1])
 (using TLSv1 with cipher DHE-RSA-AES256-SHA (256/256 bits))
 (No client certificate requested)
 by rose.makesad.us (Postfix) with ESMTPS id CD0B53FCC70F
 for <rofl@debdev.xvm.mit.edu>; Sat,  5 Apr 2014 18:19:29 -0400 (EDT)
Subject: is it wicked
To: rofl@debdev.xvm.mit.edu
User-Agent: Alpine 2.02 (DEB 1266 2009-07-14)
X-Openpgp-Key-Id: 0x70096AD1
Content-Transfer-Encoding: 7bit

not to care
DEBUG:routing:Message to set(['rofl@debdev.xvm.mit.edu']) was handled by lamson.handlers.log.START
DEBUG:routing:Matched 'rofl@debdev.xvm.mit.edu' against START.
DEBUG:routing:Message to set(['rofl@debdev.xvm.mit.edu']) was handled by lamson.handlers.queue.START
DEBUG:root:Message received from Peer: ('127.0.0.1', 51053), From: 'asheesh@asheesh.org', to To ['ok@debdev.xvm.mit.edu'].
DEBUG:routing:Matched 'ok@debdev.xvm.mit.edu' against START.
DEBUG:root:MESSAGE to ok@debdev.xvm.mit.edu:
Content-Type: text/plain; charset="us-ascii"; format="flowed"
MIME-Version: 1.0
Date: Sat, 5 Apr 2014 18:21:14 -0400 (EDT)
From: Asheesh Laroia <asheesh@asheesh.org>
Message-Id: <alpine.DEB.2.02.1404051821080.26161@rose.makesad.us>
Received: from localhost (localhost [127.0.0.1])
 (using TLSv1 with cipher DHE-RSA-AES256-SHA (256/256 bits))
 (No client certificate requested)
 by rose.makesad.us (Postfix) with ESMTPS id 322433FC688B
 for <ok@debdev.xvm.mit.edu>; Sat,  5 Apr 2014 18:21:14 -0400 (EDT)
Subject: [MONTASTIC] alert: https://openhatch.org/ (fwd)
To: ok@debdev.xvm.mit.edu
User-Agent: Alpine 2.02 (DEB 1266 2009-07-14)
X-Openpgp-Key-Id: 0x70096AD1
Content-Transfer-Encoding: 7bit



---------- Forwarded message ----------
Date: Sat, 5 Apr 2014 01:57:06
From: noreply@montastic.com
To: asheesh@openhatch.org
Subject: [MONTASTIC] alert: https://openhatch.org/

Website status: alert

Date: 2014-04-05 01:57:06 -0400
Name:
URL:  https://openhatch.org/
Status code: 28 - Operation timeout. The specified time-out period was reached according to the conditions.


----
Login email:  asheesh@openhatch.org
Login url: http://www.montastic.com/

If you wish to stop monitoring this checkpoint, click here : http://www.montastic.com/me/optout/42775d10a9354c1e5ed1be6ddd6be584-192996-YXNoZWVzaEBvcGVuaGF0Y2gub3Jn%0A

-- The Montastic Server.
-- Do not reply to this email, I'm not human, I'm a computer.
DEBUG:routing:Message to set(['ok@debdev.xvm.mit.edu']) was handled by lamson.handlers.log.START
DEBUG:routing:Matched 'ok@debdev.xvm.mit.edu' against START.
DEBUG:routing:Message to set(['ok@debdev.xvm.mit.edu']) was handled by lamson.handlers.queue.START
DEBUG:root:Message received from Peer: ('127.0.0.1', 51983), From: 'asheesh@asheesh.org', to To ['pycon@pycon.no-ip.biz'].
DEBUG:routing:Matched 'pycon@pycon.no-ip.biz' against START.
DEBUG:root:MESSAGE to pycon@pycon.no-ip.biz:
Content-Type: text/plain; charset="us-ascii"; format="flowed"
MIME-Version: 1.0
Date: Sat, 5 Apr 2014 20:45:36 -0400 (EDT)
From: Asheesh Laroia <asheesh@asheesh.org>
Message-Id: <alpine.DEB.2.02.1404052045280.2020@rose.makesad.us>
Received: from localhost (localhost [127.0.0.1])
 (using TLSv1 with cipher DHE-RSA-AES256-SHA (256/256 bits))
 (No client certificate requested)
 by rose.makesad.us (Postfix) with ESMTPS id A009B3FCC7AE
 for <pycon@pycon.no-ip.biz>; Sat,  5 Apr 2014 20:45:36 -0400 (EDT)
Subject: dot bizness
To: pycon@pycon.no-ip.biz
User-Agent: Alpine 2.02 (DEB 1266 2009-07-14)
X-Openpgp-Key-Id: 0x70096AD1
Content-Transfer-Encoding: 7bit


DEBUG:routing:Message to set(['pycon@pycon.no-ip.biz']) was handled by lamson.handlers.log.START
DEBUG:routing:Matched 'pycon@pycon.no-ip.biz' against START.
DEBUG:routing:Message to set(['pycon@pycon.no-ip.biz']) was handled by lamson.handlers.queue.START
DEBUG:root:Message received from Peer: ('127.0.0.1', 51988), From: 'asheesh@asheesh.org', to To ['more@pycon.no-ip.biz'].
DEBUG:routing:Matched 'more@pycon.no-ip.biz' against START.
DEBUG:root:MESSAGE to more@pycon.no-ip.biz:
Content-Type: text/plain; charset="us-ascii"; format="flowed"
MIME-Version: 1.0
Date: Sat, 5 Apr 2014 20:49:18 -0400 (EDT)
From: Asheesh Laroia <asheesh@asheesh.org>
Message-Id: <alpine.DEB.2.02.1404052049120.2020@rose.makesad.us>
Received: from localhost (localhost [127.0.0.1])
 (using TLSv1 with cipher DHE-RSA-AES256-SHA (256/256 bits))
 (No client certificate requested)
 by rose.makesad.us (Postfix) with ESMTPS id ACB673FCC6A9
 for <more@pycon.no-ip.biz>; Sat,  5 Apr 2014 20:49:18 -0400 (EDT)
Subject: what about no MX record
To: more@pycon.no-ip.biz
User-Agent: Alpine 2.02 (DEB 1266 2009-07-14)
X-Openpgp-Key-Id: 0x70096AD1
Content-Transfer-Encoding: 7bit


DEBUG:routing:Message to set(['more@pycon.no-ip.biz']) was handled by lamson.handlers.log.START
DEBUG:routing:Matched 'more@pycon.no-ip.biz' against START.
DEBUG:routing:Message to set(['more@pycon.no-ip.biz']) was handled by lamson.handlers.queue.START
DEBUG:root:Message received from Peer: ('127.0.0.1', 39742), From: 'asheesh@asheesh.org', to To ['testing@pycon.duckdns.org'].
DEBUG:routing:Matched 'testing@pycon.duckdns.org' against START.
DEBUG:root:MESSAGE to testing@pycon.duckdns.org:
Content-Type: text/plain; charset="us-ascii"; format="flowed"
MIME-Version: 1.0
Date: Sun, 6 Apr 2014 13:13:57 -0400 (EDT)
From: Asheesh Laroia <asheesh@asheesh.org>
Message-Id: <alpine.DEB.2.02.1404061313480.2020@rose.makesad.us>
Received: from localhost (localhost [127.0.0.1])
 (using TLSv1 with cipher DHE-RSA-AES256-SHA (256/256 bits))
 (No client certificate requested)
 by rose.makesad.us (Postfix) with ESMTPS id A65613FCC80B
 for <testing@pycon.duckdns.org>; Sun,  6 Apr 2014 13:13:57 -0400 (EDT)
Subject: New ISP, new day
To: testing@pycon.duckdns.org
User-Agent: Alpine 2.02 (DEB 1266 2009-07-14)
X-Openpgp-Key-Id: 0x70096AD1
Content-Transfer-Encoding: 7bit


DEBUG:routing:Message to set(['testing@pycon.duckdns.org']) was handled by lamson.handlers.log.START
DEBUG:routing:Matched 'testing@pycon.duckdns.org' against START.
DEBUG:routing:Message to set(['testing@pycon.duckdns.org']) was handled by lamson.handlers.queue.START
DEBUG:root:Message received from Peer: ('127.0.0.1', 39764), From: 'asheesh@eventbrite.com', to To ['asheesh@pycon.duckdns.org'].
DEBUG:routing:Matched 'asheesh@pycon.duckdns.org' against START.
DEBUG:root:MESSAGE to asheesh@pycon.duckdns.org:
Content-Type: multipart/alternative;
 boundary="===============1466211834179746399=="
MIME-Version: 1.0
Date: Sun, 6 Apr 2014 10:17:45 -0700
From: Asheesh Laroia <asheesh@eventbrite.com>
Message-Id: <CAJhuxaxCKcRSfQxoNUFEwC47HBkm7dAgm9-etQtyd+Ua_1381g@mail.gmail.com>
Received: by mail-lb0-f180.google.com with SMTP id 10so3864774lbg.25
 for <asheesh@pycon.duckdns.org>; Sun, 06 Apr 2014 10:17:45 -0700 (PDT)
Subject: Can gmail send mail to my duckdns little guy?
To: asheesh@pycon.duckdns.org
X-Gm-Message-State: ALoCoQn40XH91pQrKyfKiB7YrV//7PbgKSkNBdDp1TijPOL2YfazvAopLfD3GUU/yWbCat15jA6P
X-Google-Dkim-Signature: v=1; a=rsa-sha256; c=relaxed/relaxed;
 d=1e100.net; s=20130820;
 h=x-gm-message-state:mime-version:date:message-id:subject:from:to
 :content-type;
 bh=oIORbR7wGntaYm78TL4djiOQhVQAu+9vvkTA2Zkn8L8=;
 b=ge51/9Alw1bjf2y4YjzJdLEF0LApXc5weDcM2wC+C6z8i7vb7un2i7PVPgY2HoB04q
 eV9vf/HCzOJ+ps9tjCQMHQ5jkVipC0CqdtkFIfnfLxfha6w9pGvslMsoX/p+HXy7iEQC
 dO3hohqpHnmvXlc0KSXfBImcGQ+yNdskHmniTzdn0wn9r1RXbpAiD41Yjk53Agaeft4z
 sBbmDgdjxpQQlq02lTyf/HIs7czS5q7z+/O6s8a3bj9Jz6iuo6L2fFBK33hu+xptSLHr
 jYiffzJB3jWYIed8l6AGUqM99YxnKmaYI7KH3iyJmiyN1KTTMxOyKfJzBXi2kc8XCGp6
 31Fg==
X-Received: by 10.112.27.133 with SMTP id t5mr17143171lbg.21.1396804665623;
 Sun, 06 Apr 2014 10:17:45 -0700 (PDT)

--===============1466211834179746399==
Content-Type: text/plain; charset="us-ascii"
MIME-Version: 1.0
Content-Transfer-Encoding: 7bit

Just checking.

--===============1466211834179746399==
Content-Type: text/html; charset="us-ascii"
MIME-Version: 1.0
Content-Transfer-Encoding: 7bit

<div dir="ltr">Just checking.</div>

--===============1466211834179746399==--

DEBUG:routing:Message to set(['asheesh@pycon.duckdns.org']) was handled by lamson.handlers.log.START
DEBUG:routing:Matched 'asheesh@pycon.duckdns.org' against START.
DEBUG:routing:Message to set(['asheesh@pycon.duckdns.org']) was handled by lamson.handlers.queue.START
